android/app/build/intermediates/manifest_merge_blame_file/debug/manifest-merger-blame-debug-report.txt
1<?xml version="1.0" encoding="utf-8"?>
2<manifest xmlns:android="http://schemas.android.com/apk/res/android"
3    package="com.capstone.streetsavor"
4    android:versionCode="1"
5    android:versionName="1.0" >
6
7    <uses-sdk
8        android:minSdkVersion="21"
9        android:targetSdkVersion="33" />
10
11    <uses-permission android:name="android.permission.SYSTEM_ALERT_WINDOW" />
11-->src\main\AndroidManifest.xml:5:3-75
11-->src\main\AndroidManifest.xml:5:20-73
12    <uses-permission android:name="android.permission.INTERNET" />
12-->src\main\AndroidManifest.xml:3:3-64
12-->src\main\AndroidManifest.xml:3:20-62
13    <uses-permission android:name="android.permission.VIBRATE" /> <!-- These require runtime permissions on M -->
13-->src\main\AndroidManifest.xml:6:3-63
13-->src\main\AndroidManifest.xml:6:20-61
14    <uses-permission android:name="android.permission.READ_EXTERNAL_STORAGE" />
14-->src\main\AndroidManifest.xml:8:3-77
14-->src\main\AndroidManifest.xml:8:20-75
15    <uses-permission android:name="android.permission.WRITE_EXTERNAL_STORAGE" /> <!-- END OPTIONAL PERMISSIONS -->
15-->src\main\AndroidManifest.xml:9:3-78
15-->src\main\AndroidManifest.xml:9:20-76
16    <queries>
16-->src\main\AndroidManifest.xml:12:3-19:13
17
18        <!-- Support checking for http(s) links via the Linking API -->
19        <intent>
19-->src\main\AndroidManifest.xml:14:5-18:14
20            <action android:name="android.intent.action.VIEW" />
20-->src\main\AndroidManifest.xml:15:7-59
20-->src\main\AndroidManifest.xml:15:15-56
21
22            <category android:name="android.intent.category.BROWSABLE" />
22-->src\main\AndroidManifest.xml:16:7-68
22-->src\main\AndroidManifest.xml:16:17-65
23
24            <data android:scheme="https" />
24-->src\main\AndroidManifest.xml:17:7-38
24-->src\main\AndroidManifest.xml:17:13-35
25        </intent>
26        <!-- Query open documents -->
27        <intent>
27-->[:expo-file-system] AndroidManifest.xml:15:9-17:18
28            <action android:name="android.intent.action.OPEN_DOCUMENT_TREE" />
28-->[:expo-file-system] AndroidManifest.xml:16:13-79
28-->[:expo-file-system] AndroidManifest.xml:16:21-76
29        </intent> <!-- Needs to be explicitly declared on Android R+ -->
30        <package android:name="com.google.android.apps.maps" />
30-->[com.google.android.gms:play-services-maps:18.0.2] AndroidManifest.xml:33:9-64
30-->[com.google.android.gms:play-services-maps:18.0.2] AndroidManifest.xml:33:18-61
31    </queries>
32
33    <uses-permission android:name="android.permission.ACCESS_WIFI_STATE" />
33-->[com.facebook.flipper:flipper:0.182.0] AndroidManifest.xml:16:5-76
33-->[com.facebook.flipper:flipper:0.182.0] AndroidManifest.xml:16:22-73
34    <uses-permission android:name="android.permission.WAKE_LOCK" />
34-->[:react-native-firebase_auth] AndroidManifest.xml:8:5-68
34-->[:react-native-firebase_auth] AndroidManifest.xml:8:22-65
35    <uses-permission android:name="android.permission.ACCESS_NETWORK_STATE" />
35-->[:react-native-firebase_auth] AndroidManifest.xml:9:5-79
35-->[:react-native-firebase_auth] AndroidManifest.xml:9:22-76
36
37    <uses-feature
37-->[com.google.android.gms:play-services-maps:18.0.2] AndroidManifest.xml:26:5-28:35
38        android:glEsVersion="0x00020000"
38-->[com.google.android.gms:play-services-maps:18.0.2] AndroidManifest.xml:27:9-41
39        android:required="true" />
39-->[com.google.android.gms:play-services-maps:18.0.2] AndroidManifest.xml:28:9-32
40
41    <uses-permission android:name="android.permission.RECEIVE_BOOT_COMPLETED" />
41-->[androidx.work:work-runtime:2.7.1] AndroidManifest.xml:27:5-81
41-->[androidx.work:work-runtime:2.7.1] AndroidManifest.xml:27:22-78
42    <uses-permission android:name="android.permission.FOREGROUND_SERVICE" />
42-->[androidx.work:work-runtime:2.7.1] AndroidManifest.xml:28:5-77
42-->[androidx.work:work-runtime:2.7.1] AndroidManifest.xml:28:22-74
43    <uses-permission android:name="com.google.android.finsky.permission.BIND_GET_INSTALL_REFERRER_SERVICE" />
43-->[com.android.installreferrer:installreferrer:1.0] AndroidManifest.xml:9:5-110
43-->[com.android.installreferrer:installreferrer:1.0] AndroidManifest.xml:9:22-107
44
45    <application
45-->src\main\AndroidManifest.xml:21:3-32:17
46        android:name="com.capstone.streetsavor.MainApplication"
46-->src\main\AndroidManifest.xml:21:16-47
47        android:allowBackup="false"
47-->src\main\AndroidManifest.xml:21:162-189
48        android:appComponentFactory="androidx.core.app.CoreComponentFactory"
48-->[androidx.core:core:1.8.0] AndroidManifest.xml:24:18-86
49        android:debuggable="true"
50        android:icon="@mipmap/ic_launcher"
50-->src\main\AndroidManifest.xml:21:81-115
51        android:label="@string/app_name"
51-->src\main\AndroidManifest.xml:21:48-80
52        android:roundIcon="@mipmap/ic_launcher_round"
52-->src\main\AndroidManifest.xml:21:116-161
53        android:theme="@style/AppTheme"
53-->src\main\AndroidManifest.xml:21:190-221
54        android:usesCleartextTraffic="true" >
54-->src\debug\AndroidManifest.xml:6:18-53
55        <meta-data
55-->src\main\AndroidManifest.xml:22:5-103
56            android:name="expo.modules.updates.EXPO_UPDATE_URL"
56-->src\main\AndroidManifest.xml:22:16-67
57            android:value="YOUR-APP-URL-HERE" />
57-->src\main\AndroidManifest.xml:22:68-101
58        <meta-data
58-->src\main\AndroidManifest.xml:23:5-112
59            android:name="expo.modules.updates.EXPO_SDK_VERSION"
59-->src\main\AndroidManifest.xml:23:16-68
60            android:value="YOUR-APP-SDK-VERSION-HERE" />
60-->src\main\AndroidManifest.xml:23:69-110
61        <meta-data
61-->src\main\AndroidManifest.xml:24:5-130
62            android:name="com.google.android.geo.API_KEY"
62-->src\main\AndroidManifest.xml:24:16-61
63            android:value="9041e43253mshdb27677bb91205cp1fa48cjsn6ff94fd83efc" />
63-->src\main\AndroidManifest.xml:24:62-128
64
65        <activity
65-->src\main\AndroidManifest.xml:25:5-30:16
66            android:name="com.capstone.streetsavor.MainActivity"
66-->src\main\AndroidManifest.xml:25:15-43
67            android:configChanges="keyboard|keyboardHidden|orientation|screenSize|uiMode"
67-->src\main\AndroidManifest.xml:25:77-154
68            android:exported="true"
68-->src\main\AndroidManifest.xml:25:276-299
69            android:label="@string/app_name"
69-->src\main\AndroidManifest.xml:25:44-76
70            android:launchMode="singleTask"
70-->src\main\AndroidManifest.xml:25:155-186
71            android:theme="@style/Theme.App.SplashScreen"
71-->src\main\AndroidManifest.xml:25:230-275
72            android:windowSoftInputMode="adjustResize" >
72-->src\main\AndroidManifest.xml:25:187-229
73            <intent-filter>
73-->src\main\AndroidManifest.xml:26:7-29:23
74                <action android:name="android.intent.action.MAIN" />
74-->src\main\AndroidManifest.xml:27:9-60
74-->src\main\AndroidManifest.xml:27:17-58
75
76                <category android:name="android.intent.category.LAUNCHER" />
76-->src\main\AndroidManifest.xml:28:9-68
76-->src\main\AndroidManifest.xml:28:19-66
77            </intent-filter>
78        </activity>
79        <activity
79-->src\main\AndroidManifest.xml:31:5-106
80            android:name="com.facebook.react.devsupport.DevSettingsActivity"
80-->src\main\AndroidManifest.xml:31:15-79
81            android:exported="false" />
81-->src\main\AndroidManifest.xml:31:80-104
82
83        <meta-data
83-->[:react-native-firebase_app] AndroidManifest.xml:9:9-11:36
84            android:name="app_data_collection_default_enabled"
84-->[:react-native-firebase_app] AndroidManifest.xml:10:13-63
85            android:value="true" />
85-->[:react-native-firebase_app] AndroidManifest.xml:11:13-33
86
87        <service
87-->[:react-native-firebase_app] AndroidManifest.xml:13:9-21:19
88            android:name="com.google.firebase.components.ComponentDiscoveryService"
88-->[:react-native-firebase_app] AndroidManifest.xml:14:13-84
89            android:directBootAware="true"
89-->[:react-native-firebase_app] AndroidManifest.xml:15:13-43
90            android:exported="false" >
90-->[:react-native-firebase_app] AndroidManifest.xml:16:13-37
91            <meta-data
91-->[:react-native-firebase_app] AndroidManifest.xml:18:13-20:85
92                android:name="com.google.firebase.components:io.invertase.firebase.app.ReactNativeFirebaseAppRegistrar"
92-->[:react-native-firebase_app] AndroidManifest.xml:19:17-120
93                android:value="com.google.firebase.components.ComponentRegistrar" />
93-->[:react-native-firebase_app] AndroidManifest.xml:20:17-82
94            <meta-data
94-->[com.google.firebase:firebase-firestore:24.8.1] AndroidManifest.xml:17:13-19:85
95                android:name="com.google.firebase.components:com.google.firebase.firestore.FirestoreRegistrar"
95-->[com.google.firebase:firebase-firestore:24.8.1] AndroidManifest.xml:18:17-111
96                android:value="com.google.firebase.components.ComponentRegistrar" />
96-->[com.google.firebase:firebase-firestore:24.8.1] AndroidManifest.xml:19:17-82
97            <meta-data
97-->[com.google.firebase:firebase-auth:22.1.2] AndroidManifest.xml:69:13-71:85
98                android:name="com.google.firebase.components:com.google.firebase.auth.FirebaseAuthRegistrar"
98-->[com.google.firebase:firebase-auth:22.1.2] AndroidManifest.xml:70:17-109
99                android:value="com.google.firebase.components.ComponentRegistrar" />
99-->[com.google.firebase:firebase-auth:22.1.2] AndroidManifest.xml:71:17-82
100        </service>
101
102        <provider
102-->[:react-native-firebase_app] AndroidManifest.xml:23:9-27:38
103            android:name="io.invertase.firebase.app.ReactNativeFirebaseAppInitProvider"
103-->[:react-native-firebase_app] AndroidManifest.xml:24:13-88
104            android:authorities="com.capstone.streetsavor.reactnativefirebaseappinitprovider"
104-->[:react-native-firebase_app] AndroidManifest.xml:25:13-86
105            android:exported="false"
105-->[:react-native-firebase_app] AndroidManifest.xml:26:13-37
106            android:initOrder="99" />
106-->[:react-native-firebase_app] AndroidManifest.xml:27:13-35
107        <provider
107-->[:expo-file-system] AndroidManifest.xml:21:9-30:20
108            android:name="expo.modules.filesystem.FileSystemFileProvider"
108-->[:expo-file-system] AndroidManifest.xml:22:13-74
109            android:authorities="com.capstone.streetsavor.FileSystemFileProvider"
109-->[:expo-file-system] AndroidManifest.xml:23:13-74
110            android:exported="false"
110-->[:expo-file-system] AndroidManifest.xml:24:13-37
111            android:grantUriPermissions="true" >
111-->[:expo-file-system] AndroidManifest.xml:25:13-47
112            <meta-data
112-->[:expo-file-system] AndroidManifest.xml:27:13-29:70
113                android:name="android.support.FILE_PROVIDER_PATHS"
113-->[:expo-file-system] AndroidManifest.xml:28:17-67
114                android:resource="@xml/file_system_provider_paths" />
114-->[:expo-file-system] AndroidManifest.xml:29:17-67
115        </provider>
116
117        <meta-data
117-->[:expo-modules-core] AndroidManifest.xml:9:9-11:89
118            android:name="org.unimodules.core.AppLoader#react-native-headless"
118-->[:expo-modules-core] AndroidManifest.xml:10:13-79
119            android:value="expo.modules.adapters.react.apploader.RNHeadlessAppLoader" />
119-->[:expo-modules-core] AndroidManifest.xml:11:13-86
120        <meta-data
120-->[:expo-modules-core] AndroidManifest.xml:12:9-15:45
121            android:name="com.facebook.soloader.enabled"
121-->[:expo-modules-core] AndroidManifest.xml:13:13-57
122            android:value="true" />
122-->[:expo-modules-core] AndroidManifest.xml:14:13-33
123
124        <activity
124-->[com.google.firebase:firebase-auth:22.1.2] AndroidManifest.xml:29:9-46:20
125            android:name="com.google.firebase.auth.internal.GenericIdpActivity"
125-->[com.google.firebase:firebase-auth:22.1.2] AndroidManifest.xml:30:13-80
126            android:excludeFromRecents="true"
126-->[com.google.firebase:firebase-auth:22.1.2] AndroidManifest.xml:31:13-46
127            android:exported="true"
127-->[com.google.firebase:firebase-auth:22.1.2] AndroidManifest.xml:32:13-36
128            android:launchMode="singleTask"
128-->[com.google.firebase:firebase-auth:22.1.2] AndroidManifest.xml:33:13-44
129            android:theme="@android:style/Theme.Translucent.NoTitleBar" >
129-->[com.google.firebase:firebase-auth:22.1.2] AndroidManifest.xml:34:13-72
130            <intent-filter>
130-->[com.google.firebase:firebase-auth:22.1.2] AndroidManifest.xml:35:13-45:29
131                <action android:name="android.intent.action.VIEW" />
131-->src\main\AndroidManifest.xml:15:7-59
131-->src\main\AndroidManifest.xml:15:15-56
132
133                <category android:name="android.intent.category.DEFAULT" />
133-->[com.google.firebase:firebase-auth:22.1.2] AndroidManifest.xml:38:17-76
133-->[com.google.firebase:firebase-auth:22.1.2] AndroidManifest.xml:38:27-73
134                <category android:name="android.intent.category.BROWSABLE" />
134-->src\main\AndroidManifest.xml:16:7-68
134-->src\main\AndroidManifest.xml:16:17-65
135
136                <data
136-->src\main\AndroidManifest.xml:17:7-38
137                    android:host="firebase.auth"
138                    android:path="/"
139                    android:scheme="genericidp" />
139-->src\main\AndroidManifest.xml:17:13-35
140            </intent-filter>
141        </activity>
142        <activity
142-->[com.google.firebase:firebase-auth:22.1.2] AndroidManifest.xml:47:9-64:20
143            android:name="com.google.firebase.auth.internal.RecaptchaActivity"
143-->[com.google.firebase:firebase-auth:22.1.2] AndroidManifest.xml:48:13-79
144            android:excludeFromRecents="true"
144-->[com.google.firebase:firebase-auth:22.1.2] AndroidManifest.xml:49:13-46
145            android:exported="true"
145-->[com.google.firebase:firebase-auth:22.1.2] AndroidManifest.xml:50:13-36
146            android:launchMode="singleTask"
146-->[com.google.firebase:firebase-auth:22.1.2] AndroidManifest.xml:51:13-44
147            android:theme="@android:style/Theme.Translucent.NoTitleBar" >
147-->[com.google.firebase:firebase-auth:22.1.2] AndroidManifest.xml:52:13-72
148            <intent-filter>
148-->[com.google.firebase:firebase-auth:22.1.2] AndroidManifest.xml:53:13-63:29
149                <action android:name="android.intent.action.VIEW" />
149-->src\main\AndroidManifest.xml:15:7-59
149-->src\main\AndroidManifest.xml:15:15-56
150
151                <category android:name="android.intent.category.DEFAULT" />
151-->[com.google.firebase:firebase-auth:22.1.2] AndroidManifest.xml:38:17-76
151-->[com.google.firebase:firebase-auth:22.1.2] AndroidManifest.xml:38:27-73
152                <category android:name="android.intent.category.BROWSABLE" />
152-->src\main\AndroidManifest.xml:16:7-68
152-->src\main\AndroidManifest.xml:16:17-65
153
154                <data
154-->src\main\AndroidManifest.xml:17:7-38
155                    android:host="firebase.auth"
156                    android:path="/"
157                    android:scheme="recaptcha" />
157-->src\main\AndroidManifest.xml:17:13-35
158            </intent-filter>
159        </activity>
160        <activity
160-->[com.google.android.gms:play-services-auth:20.7.0] AndroidManifest.xml:23:9-27:75
161            android:name="com.google.android.gms.auth.api.signin.internal.SignInHubActivity"
161-->[com.google.android.gms:play-services-auth:20.7.0] AndroidManifest.xml:24:13-93
162            android:excludeFromRecents="true"
162-->[com.google.android.gms:play-services-auth:20.7.0] AndroidManifest.xml:25:13-46
163            android:exported="false"
163-->[com.google.android.gms:play-services-auth:20.7.0] AndroidManifest.xml:26:13-37
164            android:theme="@android:style/Theme.Translucent.NoTitleBar" />
164-->[com.google.android.gms:play-services-auth:20.7.0] AndroidManifest.xml:27:13-72
165        <!--
166            Service handling Google Sign-In user revocation. For apps that do not integrate with
167            Google Sign-In, this service will never be started.
168        -->
169        <service
169-->[com.google.android.gms:play-services-auth:20.7.0] AndroidManifest.xml:33:9-37:51
170            android:name="com.google.android.gms.auth.api.signin.RevocationBoundService"
170-->[com.google.android.gms:play-services-auth:20.7.0] AndroidManifest.xml:34:13-89
171            android:exported="true"
171-->[com.google.android.gms:play-services-auth:20.7.0] AndroidManifest.xml:35:13-36
172            android:permission="com.google.android.gms.auth.api.signin.permission.REVOCATION_NOTIFICATION"
172-->[com.google.android.gms:play-services-auth:20.7.0] AndroidManifest.xml:36:13-107
173            android:visibleToInstantApps="true" /> <!-- Needs to be explicitly declared on P+ -->
173-->[com.google.android.gms:play-services-auth:20.7.0] AndroidManifest.xml:37:13-48
174        <uses-library
174-->[com.google.android.gms:play-services-maps:18.0.2] AndroidManifest.xml:39:9-41:40
175            android:name="org.apache.http.legacy"
175-->[com.google.android.gms:play-services-maps:18.0.2] AndroidManifest.xml:40:13-50
176            android:required="false" />
176-->[com.google.android.gms:play-services-maps:18.0.2] AndroidManifest.xml:41:13-37
177
178        <activity
178-->[com.google.android.gms:play-services-base:18.1.0] AndroidManifest.xml:20:9-22:45
179            android:name="com.google.android.gms.common.api.GoogleApiActivity"
179-->[com.google.android.gms:play-services-base:18.1.0] AndroidManifest.xml:20:19-85
180            android:exported="false"
180-->[com.google.android.gms:play-services-base:18.1.0] AndroidManifest.xml:22:19-43
181            android:theme="@android:style/Theme.Translucent.NoTitleBar" />
181-->[com.google.android.gms:play-services-base:18.1.0] AndroidManifest.xml:21:19-78
182
183        <provider
183-->[com.google.firebase:firebase-common:20.3.3] AndroidManifest.xml:25:9-30:39
184            android:name="com.google.firebase.provider.FirebaseInitProvider"
184-->[com.google.firebase:firebase-common:20.3.3] AndroidManifest.xml:26:13-77
185            android:authorities="com.capstone.streetsavor.firebaseinitprovider"
185-->[com.google.firebase:firebase-common:20.3.3] AndroidManifest.xml:27:13-72
186            android:directBootAware="true"
186-->[com.google.firebase:firebase-common:20.3.3] AndroidManifest.xml:28:13-43
187            android:exported="false"
187-->[com.google.firebase:firebase-common:20.3.3] AndroidManifest.xml:29:13-37
188            android:initOrder="100" />
188-->[com.google.firebase:firebase-common:20.3.3] AndroidManifest.xml:30:13-36
189
190        <meta-data
190-->[com.google.android.gms:play-services-basement:18.2.0] AndroidManifest.xml:21:9-23:69
191            android:name="com.google.android.gms.version"
191-->[com.google.android.gms:play-services-basement:18.2.0] AndroidManifest.xml:22:13-58
192            android:value="@integer/google_play_services_version" />
192-->[com.google.android.gms:play-services-basement:18.2.0] AndroidManifest.xml:23:13-66
193
194        <provider
194-->[androidx.work:work-runtime:2.7.1] AndroidManifest.xml:31:9-39:20
195            android:name="androidx.startup.InitializationProvider"
195-->[androidx.work:work-runtime:2.7.1] AndroidManifest.xml:32:13-67
196            android:authorities="com.capstone.streetsavor.androidx-startup"
196-->[androidx.work:work-runtime:2.7.1] AndroidManifest.xml:33:13-68
197            android:exported="false" >
197-->[androidx.work:work-runtime:2.7.1] AndroidManifest.xml:34:13-37
198            <meta-data
198-->[androidx.work:work-runtime:2.7.1] AndroidManifest.xml:36:13-38:52
199                android:name="androidx.work.WorkManagerInitializer"
199-->[androidx.work:work-runtime:2.7.1] AndroidManifest.xml:37:17-68
200                android:value="androidx.startup" />
200-->[androidx.work:work-runtime:2.7.1] AndroidManifest.xml:38:17-49
201            <meta-data
201-->[androidx.emoji2:emoji2:1.0.0] AndroidManifest.xml:31:13-33:52
202                android:name="androidx.emoji2.text.EmojiCompatInitializer"
202-->[androidx.emoji2:emoji2:1.0.0] AndroidManifest.xml:32:17-75
203                android:value="androidx.startup" />
203-->[androidx.emoji2:emoji2:1.0.0] AndroidManifest.xml:33:17-49
204            <meta-data
204-->[androidx.lifecycle:lifecycle-process:2.6.1] AndroidManifest.xml:29:13-31:52
205                android:name="androidx.lifecycle.ProcessLifecycleInitializer"
205-->[androidx.lifecycle:lifecycle-process:2.6.1] AndroidManifest.xml:30:17-78
206                android:value="androidx.startup" />
206-->[androidx.lifecycle:lifecycle-process:2.6.1] AndroidManifest.xml:31:17-49
207            <meta-data
207-->[androidx.profileinstaller:profileinstaller:1.3.0] AndroidManifest.xml:29:13-31:52
208                android:name="androidx.profileinstaller.ProfileInstallerInitializer"
208-->[androidx.profileinstaller:profileinstaller:1.3.0] AndroidManifest.xml:30:17-85
209                android:value="androidx.startup" />
209-->[androidx.profileinstaller:profileinstaller:1.3.0] AndroidManifest.xml:31:17-49
210        </provider>
211
212        <service
212-->[androidx.work:work-runtime:2.7.1] AndroidManifest.xml:41:9-46:35
213            android:name="androidx.work.impl.background.systemalarm.SystemAlarmService"
213-->[androidx.work:work-runtime:2.7.1] AndroidManifest.xml:42:13-88
214            android:directBootAware="false"
214-->[androidx.work:work-runtime:2.7.1] AndroidManifest.xml:43:13-44
215            android:enabled="@bool/enable_system_alarm_service_default"
215-->[androidx.work:work-runtime:2.7.1] AndroidManifest.xml:44:13-72
216            android:exported="false" />
216-->[androidx.work:work-runtime:2.7.1] AndroidManifest.xml:45:13-37
217        <service
217-->[androidx.work:work-runtime:2.7.1] AndroidManifest.xml:47:9-53:35
218            android:name="androidx.work.impl.background.systemjob.SystemJobService"
218-->[androidx.work:work-runtime:2.7.1] AndroidManifest.xml:48:13-84
219            android:directBootAware="false"
219-->[androidx.work:work-runtime:2.7.1] AndroidManifest.xml:49:13-44
220            android:enabled="@bool/enable_system_job_service_default"
220-->[androidx.work:work-runtime:2.7.1] AndroidManifest.xml:50:13-70
221            android:exported="true"
221-->[androidx.work:work-runtime:2.7.1] AndroidManifest.xml:51:13-36
222            android:permission="android.permission.BIND_JOB_SERVICE" />
222-->[androidx.work:work-runtime:2.7.1] AndroidManifest.xml:52:13-69
223        <service
223-->[androidx.work:work-runtime:2.7.1] AndroidManifest.xml:54:9-59:35
224            android:name="androidx.work.impl.foreground.SystemForegroundService"
224-->[androidx.work:work-runtime:2.7.1] AndroidManifest.xml:55:13-81
225            android:directBootAware="false"
225-->[androidx.work:work-runtime:2.7.1] AndroidManifest.xml:56:13-44
226            android:enabled="@bool/enable_system_foreground_service_default"
226-->[androidx.work:work-runtime:2.7.1] AndroidManifest.xml:57:13-77
227            android:exported="false" />
227-->[androidx.work:work-runtime:2.7.1] AndroidManifest.xml:58:13-37
228
229        <receiver
229-->[androidx.work:work-runtime:2.7.1] AndroidManifest.xml:61:9-66:35
230            android:name="androidx.work.impl.utils.ForceStopRunnable$BroadcastReceiver"
230-->[androidx.work:work-runtime:2.7.1] AndroidManifest.xml:62:13-88
231            android:directBootAware="false"
231-->[androidx.work:work-runtime:2.7.1] AndroidManifest.xml:63:13-44
232            android:enabled="true"
232-->[androidx.work:work-runtime:2.7.1] AndroidManifest.xml:64:13-35
233            android:exported="false" />
233-->[androidx.work:work-runtime:2.7.1] AndroidManifest.xml:65:13-37
234        <receiver
234-->[androidx.work:work-runtime:2.7.1] AndroidManifest.xml:67:9-77:20
235            android:name="androidx.work.impl.background.systemalarm.ConstraintProxy$BatteryChargingProxy"
235-->[androidx.work:work-runtime:2.7.1] AndroidManifest.xml:68:13-106
236            android:directBootAware="false"
236-->[androidx.work:work-runtime:2.7.1] AndroidManifest.xml:69:13-44
237            android:enabled="false"
237-->[androidx.work:work-runtime:2.7.1] AndroidManifest.xml:70:13-36
238            android:exported="false" >
238-->[androidx.work:work-runtime:2.7.1] AndroidManifest.xml:71:13-37
239            <intent-filter>
239-->[androidx.work:work-runtime:2.7.1] AndroidManifest.xml:73:13-76:29
240                <action android:name="android.intent.action.ACTION_POWER_CONNECTED" />
240-->[androidx.work:work-runtime:2.7.1] AndroidManifest.xml:74:17-87
240-->[androidx.work:work-runtime:2.7.1] AndroidManifest.xml:74:25-84
241                <action android:name="android.intent.action.ACTION_POWER_DISCONNECTED" />
241-->[androidx.work:work-runtime:2.7.1] AndroidManifest.xml:75:17-90
241-->[androidx.work:work-runtime:2.7.1] AndroidManifest.xml:75:25-87
242            </intent-filter>
243        </receiver>
244        <receiver
244-->[androidx.work:work-runtime:2.7.1] AndroidManifest.xml:78:9-88:20
245            android:name="androidx.work.impl.background.systemalarm.ConstraintProxy$BatteryNotLowProxy"
245-->[androidx.work:work-runtime:2.7.1] AndroidManifest.xml:79:13-104
246            android:directBootAware="false"
246-->[androidx.work:work-runtime:2.7.1] AndroidManifest.xml:80:13-44
247            android:enabled="false"
247-->[androidx.work:work-runtime:2.7.1] AndroidManifest.xml:81:13-36
248            android:exported="false" >
248-->[androidx.work:work-runtime:2.7.1] AndroidManifest.xml:82:13-37
249            <intent-filter>
249-->[androidx.work:work-runtime:2.7.1] AndroidManifest.xml:84:13-87:29
250                <action android:name="android.intent.action.BATTERY_OKAY" />
250-->[androidx.work:work-runtime:2.7.1] AndroidManifest.xml:85:17-77
250-->[androidx.work:work-runtime:2.7.1] AndroidManifest.xml:85:25-74
251                <action android:name="android.intent.action.BATTERY_LOW" />
251-->[androidx.work:work-runtime:2.7.1] AndroidManifest.xml:86:17-76
251-->[androidx.work:work-runtime:2.7.1] AndroidManifest.xml:86:25-73
252            </intent-filter>
253        </receiver>
254        <receiver
254-->[androidx.work:work-runtime:2.7.1] AndroidManifest.xml:89:9-99:20
255            android:name="androidx.work.impl.background.systemalarm.ConstraintProxy$StorageNotLowProxy"
255-->[androidx.work:work-runtime:2.7.1] AndroidManifest.xml:90:13-104
256            android:directBootAware="false"
256-->[androidx.work:work-runtime:2.7.1] AndroidManifest.xml:91:13-44
257            android:enabled="false"
257-->[androidx.work:work-runtime:2.7.1] AndroidManifest.xml:92:13-36
258            android:exported="false" >
258-->[androidx.work:work-runtime:2.7.1] AndroidManifest.xml:93:13-37
259            <intent-filter>
259-->[androidx.work:work-runtime:2.7.1] AndroidManifest.xml:95:13-98:29
260                <action android:name="android.intent.action.DEVICE_STORAGE_LOW" />
260-->[androidx.work:work-runtime:2.7.1] AndroidManifest.xml:96:17-83
260-->[androidx.work:work-runtime:2.7.1] AndroidManifest.xml:96:25-80
261                <action android:name="android.intent.action.DEVICE_STORAGE_OK" />
261-->[androidx.work:work-runtime:2.7.1] AndroidManifest.xml:97:17-82
261-->[androidx.work:work-runtime:2.7.1] AndroidManifest.xml:97:25-79
262            </intent-filter>
263        </receiver>
264        <receiver
264-->[androidx.work:work-runtime:2.7.1] AndroidManifest.xml:100:9-109:20
265            android:name="androidx.work.impl.background.systemalarm.ConstraintProxy$NetworkStateProxy"
265-->[androidx.work:work-runtime:2.7.1] AndroidManifest.xml:101:13-103
266            android:directBootAware="false"
266-->[androidx.work:work-runtime:2.7.1] AndroidManifest.xml:102:13-44
267            android:enabled="false"
267-->[androidx.work:work-runtime:2.7.1] AndroidManifest.xml:103:13-36
268            android:exported="false" >
268-->[androidx.work:work-runtime:2.7.1] AndroidManifest.xml:104:13-37
269            <intent-filter>
269-->[androidx.work:work-runtime:2.7.1] AndroidManifest.xml:106:13-108:29
270                <action android:name="android.net.conn.CONNECTIVITY_CHANGE" />
270-->[androidx.work:work-runtime:2.7.1] AndroidManifest.xml:107:17-79
270-->[androidx.work:work-runtime:2.7.1] AndroidManifest.xml:107:25-76
271            </intent-filter>
272        </receiver>
273        <receiver
273-->[androidx.work:work-runtime:2.7.1] AndroidManifest.xml:110:9-121:20
274            android:name="androidx.work.impl.background.systemalarm.RescheduleReceiver"
274-->[androidx.work:work-runtime:2.7.1] AndroidManifest.xml:111:13-88
275            android:directBootAware="false"
275-->[androidx.work:work-runtime:2.7.1] AndroidManifest.xml:112:13-44
276            android:enabled="false"
276-->[androidx.work:work-runtime:2.7.1] AndroidManifest.xml:113:13-36
277            android:exported="false" >
277-->[androidx.work:work-runtime:2.7.1] AndroidManifest.xml:114:13-37
278            <intent-filter>
278-->[androidx.work:work-runtime:2.7.1] AndroidManifest.xml:116:13-120:29
279                <action android:name="android.intent.action.BOOT_COMPLETED" />
279-->[androidx.work:work-runtime:2.7.1] AndroidManifest.xml:117:17-79
279-->[androidx.work:work-runtime:2.7.1] AndroidManifest.xml:117:25-76
280                <action android:name="android.intent.action.TIME_SET" />
280-->[androidx.work:work-runtime:2.7.1] AndroidManifest.xml:118:17-73
280-->[androidx.work:work-runtime:2.7.1] AndroidManifest.xml:118:25-70
281                <action android:name="android.intent.action.TIMEZONE_CHANGED" />
281-->[androidx.work:work-runtime:2.7.1] AndroidManifest.xml:119:17-81
281-->[androidx.work:work-runtime:2.7.1] AndroidManifest.xml:119:25-78
282            </intent-filter>